<?xml version="1.0" encoding="UTF-8"?>
<testsuites name="jest tests" tests="23" failures="0" errors="0" time="7.215">
  <testsuite name="PerformanceMonitor" errors="0" failures="0" skipped="0" timestamp="2026-07-05T21:01:33" time="2.925" tests="3">
    <testcase classname="PerformanceMonitor should call next()" name="PerformanceMonitor should call next()" time="0.027">
    </testcase>
    <testcase classname="PerformanceMonitor should measure request duration and log when &gt;500ms" name="PerformanceMonitor should measure request duration and log when &gt;500ms" time="0.008">
    </testcase>
    <testcase classname="PerformanceMonitor should log slow requests (&gt;1000ms) with SLOW prefix" name="PerformanceMonitor should log slow requests (&gt;1000ms) with SLOW prefix" time="0.006">
    </testcase>
  </testsuite>
  <testsuite name="AppController" errors="0" failures="0" skipped="0" timestamp="2026-07-05T21:01:33" time="3.903" tests="1">
    <testcase classname="AppController health endpoint should return &quot;Hello World!&quot;" name="AppController health endpoint should return &quot;Hello World!&quot;" time="0.054">
    </testcase>
  </testsuite>
  <testsuite name="PushService" errors="0" failures="0" skipped="0" timestamp="2026-07-05T21:01:33" time="3.948" tests="3">
    <testcase classname="PushService sendPush should send push to Expo API" name="PushService sendPush should send push to Expo API" time="0.06">
    </testcase>
    <testcase classname="PushService sendPush should handle empty token arrays gracefully" name="PushService sendPush should handle empty token arrays gracefully" time="0.011">
    </testcase>
    <testcase classname="PushService sendToTokens should map tokens and call sendPush" name="PushService sendToTokens should map tokens and call sendPush" time="0.013">
    </testcase>
  </testsuite>
  <testsuite name="DispositivosService" errors="0" failures="0" skipped="0" timestamp="2026-07-05T21:01:33" time="4.763" tests="3">
    <testcase classname="DispositivosService register should register a new device" name="DispositivosService register should register a new device" time="0.054">
    </testcase>
    <testcase classname="DispositivosService findByUser should find devices by user" name="DispositivosService findByUser should find devices by user" time="0.011">
    </testcase>
    <testcase classname="DispositivosService unregister should unregister a device by token" name="DispositivosService unregister should unregister a device by token" time="0.01">
    </testcase>
  </testsuite>
  <testsuite name="AlertasService" errors="0" failures="0" skipped="0" timestamp="2026-07-05T21:01:33" time="4.85" tests="4">
    <testcase classname="AlertasService findAllZonas should find all zonas" name="AlertasService findAllZonas should find all zonas" time="0.054">
    </testcase>
    <testcase classname="AlertasService findZonaById should throw NotFoundException for non-existent zona" name="AlertasService findZonaById should throw NotFoundException for non-existent zona" time="0.045">
    </testcase>
    <testcase classname="AlertasService findZonaById should return zona when found" name="AlertasService findZonaById should return zona when found" time="0.013">
    </testcase>
    <testcase classname="AlertasService createParametro should create a parametro" name="AlertasService createParametro should create a parametro" time="0.01">
    </testcase>
  </testsuite>
  <testsuite name="AuthService" errors="0" failures="0" skipped="0" timestamp="2026-07-05T21:01:33" time="4.979" tests="3">
    <testcase classname="AuthService login should validate user credentials and return JWT on successful login" name="AuthService login should validate user credentials and return JWT on successful login" time="0.052">
    </testcase>
    <testcase classname="AuthService login should throw UnauthorizedException when user is not found" name="AuthService login should throw UnauthorizedException when user is not found" time="0.028">
    </testcase>
    <testcase classname="AuthService login should throw UnauthorizedException when password is invalid" name="AuthService login should throw UnauthorizedException when password is invalid" time="0.009">
    </testcase>
  </testsuite>
  <testsuite name="ReportesService" errors="0" failures="0" skipped="0" timestamp="2026-07-05T21:01:33" time="5.132" tests="6">
    <testcase classname="ReportesService create should create a reporte with images and audio" name="ReportesService create should create a reporte with images and audio" time="0.046">
    </testcase>
    <testcase classname="ReportesService create should create a reporte without images or audio" name="ReportesService create should create a reporte without images or audio" time="0.009">
    </testcase>
    <testcase classname="ReportesService create should throw BadRequestException when more than 10 images" name="ReportesService create should throw BadRequestException when more than 10 images" time="0.036">
    </testcase>
    <testcase classname="ReportesService findByUsuario should find reportes by usuario" name="ReportesService findByUsuario should find reportes by usuario" time="0.007">
    </testcase>
    <testcase classname="ReportesService findById should throw NotFoundException for non-existent reporte" name="ReportesService findById should throw NotFoundException for non-existent reporte" time="0.008">
    </testcase>
    <testcase classname="ReportesService findById should return reporte when found" name="ReportesService findById should return reporte when found" time="0.006">
    </testcase>
  </testsuite>
</testsuites>